<?xml version="1.0" encoding="UTF-8"?>
<!-- Generated by org.testng.reporters.JUnitReportReporter -->
<testsuite hostname="DESKTOP-C8F0LTH" failures="0" tests="1" name="TestScripts.VtigerCreateOrganization" time="23.996" errors="0" timestamp="2021-12-06T10:14:58 IST" skipped="0">
  <testcase classname="TestScripts.VtigerCreateOrganization" name="createOrganization" time="23.996"/>
  <system-out/>
</testsuite> <!-- TestScripts.VtigerCreateOrganization -->
