<?xml version="1.0" encoding="UTF-8"?>
<!-- Generated by org.testng.reporters.JUnitReportReporter -->
<testsuite hostname="DESKTOP-C8F0LTH" failures="0" tests="2" name="TestNG.TNG1" time="0.017" errors="0" timestamp="2021-12-07T10:35:34 IST" skipped="0">
  <testcase classname="TestNG.TNG1" name="TNG4" time="0.004"/>
  <system-out/>
  <testcase classname="TestNG.TNG1" name="TNG2" time="0.013"/>
  <system-out/>
</testsuite> <!-- TestNG.TNG1 -->
