<?xml version="1.0" encoding="UTF-8"?>
<!-- Generated by org.testng.reporters.JUnitReportReporter -->
<testsuite hostname="DESKTOP-C8F0LTH" failures="0" tests="1" name="TestScripts.P1" time="50.555" errors="0" timestamp="2021-12-07T12:49:08 IST" skipped="0">
  <testcase classname="TestScripts.P1" name="vTigerLogin" time="50.555"/>
  <system-out/>
</testsuite> <!-- TestScripts.P1 -->
