<?xml version="1.0" encoding="UTF-8"?>
<!-- Generated by org.testng.reporters.JUnitReportReporter -->
<testsuite hostname="DESKTOP-C8F0LTH" failures="0" tests="1" name="TestScripts.VTigerCreateContactByUsingOrganization" time="25.233" errors="0" timestamp="2021-12-06T10:11:06 IST" skipped="0">
  <testcase classname="TestScripts.VTigerCreateContactByUsingOrganization" name="createContactUsingOrganization" time="25.233"/>
  <system-out/>
</testsuite> <!-- TestScripts.VTigerCreateContactByUsingOrganization -->
