<?xml version="1.0" encoding="UTF-8"?>
<!-- Generated by org.testng.reporters.JUnitReportReporter -->
<testsuite hostname="DESKTOP-C8F0LTH" failures="0" tests="1" name="TestScripts.VTigerCreateOrganizationWithDropdown" time="26.394" errors="0" timestamp="2021-12-06T11:20:48 IST" skipped="0">
  <testcase classname="TestScripts.VTigerCreateOrganizationWithDropdown" name="createOrganizationByChoosingEdcationinIndustryDropdown" time="26.394"/>
  <system-out/>
</testsuite> <!-- TestScripts.VTigerCreateOrganizationWithDropdown -->
