<?xml version="1.0" encoding="UTF-8"?>
<!-- Generated by org.testng.reporters.JUnitReportReporter -->
<testsuite hostname="DESKTOP-C8F0LTH" failures="0" tests="1" name="PracticeScenarios.creatingAccount" time="27.542" errors="0" timestamp="2021-12-07T15:13:21 IST" skipped="0">
  <testcase classname="PracticeScenarios.creatingAccount" name="createContact" time="27.542"/>
  <system-out/>
</testsuite> <!-- PracticeScenarios.creatingAccount -->
